<?xml version="1.0" encoding="UTF-8"?>
<testng-results ignored="0" total="1" passed="1" failed="0" skipped="0">
  <reporter-output>
  </reporter-output>
  <suite started-at="2022-06-10T18:18:36 IST" name="Default suite" finished-at="2022-06-10T18:18:54 IST" duration-ms="17411">
    <groups>
    </groups>
    <test started-at="2022-06-10T18:18:36 IST" name="Default test" finished-at="2022-06-10T18:18:54 IST" duration-ms="17411">
      <class name="testCases.UpdateDetailsTestcase">
        <test-method signature="updatedetails()[pri:0, instance:testCases.UpdateDetailsTestcase@306cf3ea]" started-at="2022-06-10T18:18:36 IST" name="updatedetails" finished-at="2022-06-10T18:18:54 IST" duration-ms="17354" status="PASS">
          <reporter-output>
          </reporter-output>
        </test-method> <!-- updatedetails -->
      </class> <!-- testCases.UpdateDetailsTestcase -->
    </test> <!-- Default test -->
  </suite> <!-- Default suite -->
</testng-results>
